<?xml version="1.0" encoding="UTF-8"?>
<!-- Generated by org.testng.reporters.JUnitXMLReporter -->
<testsuite hostname="DESKTOP-8RAJE01" ignored="8" tests="0" failures="0" timestamp="10 Feb 2019 08:07:21 GMT" time="8.584" errors="0">
  <testcase name="test5" time="0.0" classname="TestNGPractice.Test.SampleTestCase">
    <ignored/>
  </testcase> <!-- test5 -->
  <testcase name="test6" time="0.0" classname="TestNGPractice.Test.SampleTestCase">
    <ignored/>
  </testcase> <!-- test6 -->
  <testcase name="test7" time="0.0" classname="TestNGPractice.Test.SampleTestCase">
    <ignored/>
  </testcase> <!-- test7 -->
  <testcase name="test8" time="0.0" classname="TestNGPractice.Test.SampleTestCase">
    <ignored/>
  </testcase> <!-- test8 -->
  <testcase name="test1" time="0.0" classname="TestNGPractice.Test.SampleTestCase">
    <ignored/>
  </testcase> <!-- test1 -->
  <testcase name="test2" time="0.0" classname="TestNGPractice.Test.SampleTestCase">
    <ignored/>
  </testcase> <!-- test2 -->
  <testcase name="test3" time="0.0" classname="TestNGPractice.Test.SampleTestCase">
    <ignored/>
  </testcase> <!-- test3 -->
  <testcase name="test4" time="0.0" classname="TestNGPractice.Test.SampleTestCase">
    <ignored/>
  </testcase> <!-- test4 -->
</testsuite>
