<?xml version="1.0" encoding="UTF-8"?>
<testng-results skipped="0" failed="0" ignored="0" total="8" passed="8">
  <reporter-output>
  </reporter-output>
  <suite name="Suite" duration-ms="11198" started-at="2019-02-10T08:10:39Z" finished-at="2019-02-10T08:10:50Z">
    <groups>
    </groups>
    <test name="Test" duration-ms="11198" started-at="2019-02-10T08:10:39Z" finished-at="2019-02-10T08:10:50Z">
      <class name="TestNGPractice.Test.SampleTestCase">
        <test-method status="PASS" signature="BeforeTest()[pri:0, instance:TestNGPractice.Test.SampleTestCase@3ffc5af1]" name="BeforeTest" is-config="true" duration-ms="9970" started-at="2019-02-10T08:10:39Z" finished-at="2019-02-10T08:10:49Z">
          <reporter-output>
          </reporter-output>
        </test-method> <!-- BeforeTest -->
        <test-method status="PASS" signature="test1()[pri:0, instance:TestNGPractice.Test.SampleTestCase@3ffc5af1]" name="test1" duration-ms="30" started-at="2019-02-10T08:10:49Z" finished-at="2019-02-10T08:10:49Z">
          <reporter-output>
          </reporter-output>
        </test-method> <!-- test1 -->
        <test-method status="PASS" signature="test2()[pri:0, instance:TestNGPractice.Test.SampleTestCase@3ffc5af1]" name="test2" duration-ms="3" started-at="2019-02-10T08:10:49Z" finished-at="2019-02-10T08:10:49Z">
          <reporter-output>
          </reporter-output>
        </test-method> <!-- test2 -->
        <test-method status="PASS" signature="test3()[pri:0, instance:TestNGPractice.Test.SampleTestCase@3ffc5af1]" name="test3" duration-ms="4" started-at="2019-02-10T08:10:49Z" finished-at="2019-02-10T08:10:49Z">
          <reporter-output>
          </reporter-output>
        </test-method> <!-- test3 -->
        <test-method status="PASS" signature="test4()[pri:0, instance:TestNGPractice.Test.SampleTestCase@3ffc5af1]" name="test4" duration-ms="5" started-at="2019-02-10T08:10:49Z" finished-at="2019-02-10T08:10:49Z">
          <reporter-output>
          </reporter-output>
        </test-method> <!-- test4 -->
        <test-method status="PASS" signature="test5()[pri:0, instance:TestNGPractice.Test.SampleTestCase@3ffc5af1]" name="test5" duration-ms="3" started-at="2019-02-10T08:10:49Z" finished-at="2019-02-10T08:10:49Z">
          <reporter-output>
          </reporter-output>
        </test-method> <!-- test5 -->
        <test-method status="PASS" signature="test6()[pri:0, instance:TestNGPractice.Test.SampleTestCase@3ffc5af1]" name="test6" duration-ms="3" started-at="2019-02-10T08:10:49Z" finished-at="2019-02-10T08:10:49Z">
          <reporter-output>
          </reporter-output>
        </test-method> <!-- test6 -->
        <test-method status="PASS" signature="test7()[pri:0, instance:TestNGPractice.Test.SampleTestCase@3ffc5af1]" name="test7" duration-ms="2" started-at="2019-02-10T08:10:49Z" finished-at="2019-02-10T08:10:49Z">
          <reporter-output>
          </reporter-output>
        </test-method> <!-- test7 -->
        <test-method status="PASS" signature="test8()[pri:0, instance:TestNGPractice.Test.SampleTestCase@3ffc5af1]" name="test8" duration-ms="18" started-at="2019-02-10T08:10:49Z" finished-at="2019-02-10T08:10:49Z">
          <reporter-output>
          </reporter-output>
        </test-method> <!-- test8 -->
        <test-method status="PASS" signature="tearDown()[pri:0, instance:TestNGPractice.Test.SampleTestCase@3ffc5af1]" name="tearDown" is-config="true" duration-ms="1075" started-at="2019-02-10T08:10:49Z" finished-at="2019-02-10T08:10:50Z">
          <reporter-output>
          </reporter-output>
        </test-method> <!-- tearDown -->
      </class> <!-- TestNGPractice.Test.SampleTestCase -->
    </test> <!-- Test -->
  </suite> <!-- Suite -->
</testng-results>
